<html>
<head>
<title>TestNG:  Test</title>
<link href="../testng.css" rel="stylesheet" type="text/css" />
<link href="../my-testng.css" rel="stylesheet" type="text/css" />

<style type="text/css">
.log { display: none;} 
.stack-trace { display: none;} 
</style>
<script type="text/javascript">
<!--
function flip(e) {
  current = e.style.display;
  if (current == 'block') {
    e.style.display = 'none';
    return 0;
  }
  else {
    e.style.display = 'block';
    return 1;
  }
}

function toggleBox(szDivId, elem, msg1, msg2)
{
  var res = -1;  if (document.getElementById) {
    res = flip(document.getElementById(szDivId));
  }
  else if (document.all) {
    // this is the way old msie versions work
    res = flip(document.all[szDivId]);
  }
  if(elem) {
    if(res == 0) elem.innerHTML = msg1; else elem.innerHTML = msg2;
  }

}

function toggleAllBoxes() {
  if (document.getElementsByTagName) {
    d = document.getElementsByTagName('div');
    for (i = 0; i < d.length; i++) {
      if (d[i].className == 'log') {
        flip(d[i]);
      }
    }
  }
}

// -->
</script>

</head>
<body>
<h2 align='center'>Test</h2><table border='1' align="center">
<tr>
<td>Tests passed/Failed/Skipped:</td><td>38/2/0</td>
</tr><tr>
<td>Started on:</td><td>Tue Jan 03 16:05:56 IST 2023</td>
</tr>
<tr><td>Total time:</td><td>457 seconds (457711 ms)</td>
</tr><tr>
<td>Included groups:</td><td></td>
</tr><tr>
<td>Excluded groups:</td><td></td>
</tr>
</table><p/>
<small><i>(Hover the method name to see the test class name)</i></small><p/>
<table width='100%' border='1' class='invocation-failed'>
<tr><td colspan='4' align='center'><b>FAILED TESTS</b></td></tr>
<tr><td><b>Test method</b></td>
<td width="30%"><b>Exception</b></td>
<td width="10%"><b>Time (seconds)</b></td>
<td><b>Instance</b></td>
</tr>
<tr>
<td title='sample.DASHBOARD_01.SUPPORTTICKET()'><b>SUPPORTTICKET</b><br>Test class: sample.DASHBOARD_01<br>Parameters: wngal46@gmail.com, SAICHARAN</td>
<td><div><pre>org.openqa.selenium.ElementClickInterceptedException: element click intercepted: Element &lt;a class=&quot;nav-link collapsed&quot; href=&quot;#&quot; data-toggle=&quot;collapse&quot; data-target=&quot;#tickets&quot; aria-expanded=&quot;false&quot; aria-controls=&quot;collapseLayouts&quot;&gt;...&lt;/a&gt; is not clickable at point (170, 590). Other element would receive the click: &lt;div id=&quot;preloader&quot; style=&quot;opacity: 0.999973;&quot;&gt;&lt;/div&gt;
  (Session info: chrome=108.0.5359.125)
Build info: version: &apos;4.6.0&apos;, revision: &apos;79f1c02ae20&apos;
System info: os.name: &apos;Windows 10&apos;, os.arch: &apos;amd64&apos;, os.version: &apos;10.0&apos;, java.version: &apos;17.0.4&apos;
Driver info: org.openqa.selenium.chrome.ChromeDriver
Command: [9f2bc079c333858dffc11ce86fd789f9, clickElement {id=8a05e41a-e54f-450c-9a56-dbba548d48d2}]
Capabilities {acceptInsecureCerts: false, browserName: chrome, browserVersion: 108.0.5359.125, chrome: {chromedriverVersion: 108.0.5359.71 (1e0e3868ee06..., userDataDir: C:\Users\u\AppData\Local\Te...}, goog:chromeOptions: {debuggerAddress: localhost:55248}, networkConnectionEnabled: false, pageLoadStrategy: normal, platformName: WINDOWS, proxy: Proxy(), se:cdp: ws://localhost:55248/devtoo..., se:cdpVersion: 108.0.5359.125, setWindowRect: true, strictFileInteractability: false, timeouts: {implicit: 0, pageLoad: 300000, script: 30000}, unhandledPromptBehavior: dismiss and notify, webauthn:extension:credBlob: true, webauthn:extension:largeBlob: true, webauthn:virtualAuthenticators: true}
Element: [[ChromeDriver: chrome on WINDOWS (9f2bc079c333858dffc11ce86fd789f9)] -&gt; xpath: //a[text()[normalize-space()=&apos;Support Tickets&apos;]]]
Session ID: 9f2bc079c333858dffc11ce86fd789f9
	at org.openqa.selenium.remote.codec.w3c.W3CHttpResponseCodec.createException(W3CHttpResponseCodec.java:200)
	at org.openqa.selenium.remote.codec.w3c.W3CHttpResponseCodec.decode(W3CHttpResponseCodec.java:133)
	at org.openqa.selenium.remote.codec.w3c.W3CHttpResponseCodec.decode(W3CHttpResponseCodec.java:53)
	at org.openqa.selenium.remote.HttpCommandExecutor.execute(HttpCommandExecutor.java:184)
	at org.openqa.selenium.remote.service.DriverCommandExecutor.invokeExecute(DriverCommandExecutor.java:167)
	at org.openqa.selenium.remote.service.DriverCommandExecutor.execute(DriverCommandExecutor.java:142)
	at org.openqa.selenium.remote.RemoteWebDriver.execute(RemoteWebDriver.java:541)
	at org.openqa.selenium.remote.RemoteWebElement.execute(RemoteWebElement.java:257)
	at org.openqa.selenium.remote.RemoteWebElement.click(RemoteWebElement.java:78)
	at org.openqa.selenium.support.pagefactory.internal.LocatingElementHandler.invoke(LocatingElementHandler.java:52)
	at jdk.proxy2/jdk.proxy2.$Proxy35.click(Unknown Source)
	at PAYTMPE_POR.DASHBOARDPAGE.User_SupportTicketsLink(DASHBOARDPAGE.java:158)
	at sample.DASHBOARD_01.SUPPORTTICKET(DASHBOARD_01.java:28)
	at java.base/java.util.ArrayList.forEach(ArrayList.java:1511)
... Removed 36 stack frames</pre></div><a href='#' onClick='toggleBox("stack-trace1448580731", this, "Click to show all stack frames", "Click to hide stack frames")'>Click to show all stack frames</a>
<div class='stack-trace' id='stack-trace1448580731'><pre>org.openqa.selenium.ElementClickInterceptedException: element click intercepted: Element &lt;a class=&quot;nav-link collapsed&quot; href=&quot;#&quot; data-toggle=&quot;collapse&quot; data-target=&quot;#tickets&quot; aria-expanded=&quot;false&quot; aria-controls=&quot;collapseLayouts&quot;&gt;...&lt;/a&gt; is not clickable at point (170, 590). Other element would receive the click: &lt;div id=&quot;preloader&quot; style=&quot;opacity: 0.999973;&quot;&gt;&lt;/div&gt;
  (Session info: chrome=108.0.5359.125)
Build info: version: &apos;4.6.0&apos;, revision: &apos;79f1c02ae20&apos;
System info: os.name: &apos;Windows 10&apos;, os.arch: &apos;amd64&apos;, os.version: &apos;10.0&apos;, java.version: &apos;17.0.4&apos;
Driver info: org.openqa.selenium.chrome.ChromeDriver
Command: [9f2bc079c333858dffc11ce86fd789f9, clickElement {id=8a05e41a-e54f-450c-9a56-dbba548d48d2}]
Capabilities {acceptInsecureCerts: false, browserName: chrome, browserVersion: 108.0.5359.125, chrome: {chromedriverVersion: 108.0.5359.71 (1e0e3868ee06..., userDataDir: C:\Users\u\AppData\Local\Te...}, goog:chromeOptions: {debuggerAddress: localhost:55248}, networkConnectionEnabled: false, pageLoadStrategy: normal, platformName: WINDOWS, proxy: Proxy(), se:cdp: ws://localhost:55248/devtoo..., se:cdpVersion: 108.0.5359.125, setWindowRect: true, strictFileInteractability: false, timeouts: {implicit: 0, pageLoad: 300000, script: 30000}, unhandledPromptBehavior: dismiss and notify, webauthn:extension:credBlob: true, webauthn:extension:largeBlob: true, webauthn:virtualAuthenticators: true}
Element: [[ChromeDriver: chrome on WINDOWS (9f2bc079c333858dffc11ce86fd789f9)] -&gt; xpath: //a[text()[normalize-space()=&apos;Support Tickets&apos;]]]
Session ID: 9f2bc079c333858dffc11ce86fd789f9
	at java.base/jdk.internal.reflect.NativeConstructorAccessorImpl.newInstance0(Native Method)
	at java.base/jdk.internal.reflect.NativeConstructorAccessorImpl.newInstance(NativeConstructorAccessorImpl.java:77)
	at java.base/jdk.internal.reflect.DelegatingConstructorAccessorImpl.newInstance(DelegatingConstructorAccessorImpl.java:45)
	at java.base/java.lang.reflect.Constructor.newInstanceWithCaller(Constructor.java:499)
	at java.base/java.lang.reflect.Constructor.newInstance(Constructor.java:480)
	at org.openqa.selenium.remote.codec.w3c.W3CHttpResponseCodec.createException(W3CHttpResponseCodec.java:200)
	at org.openqa.selenium.remote.codec.w3c.W3CHttpResponseCodec.decode(W3CHttpResponseCodec.java:133)
	at org.openqa.selenium.remote.codec.w3c.W3CHttpResponseCodec.decode(W3CHttpResponseCodec.java:53)
	at org.openqa.selenium.remote.HttpCommandExecutor.execute(HttpCommandExecutor.java:184)
	at org.openqa.selenium.remote.service.DriverCommandExecutor.invokeExecute(DriverCommandExecutor.java:167)
	at org.openqa.selenium.remote.service.DriverCommandExecutor.execute(DriverCommandExecutor.java:142)
	at org.openqa.selenium.remote.RemoteWebDriver.execute(RemoteWebDriver.java:541)
	at org.openqa.selenium.remote.RemoteWebElement.execute(RemoteWebElement.java:257)
	at org.openqa.selenium.remote.RemoteWebElement.click(RemoteWebElement.java:78)
	at java.base/jdk.internal.reflect.NativeMethodAccessorImpl.invoke0(Native Method)
	at java.base/jdk.internal.reflect.NativeMethodAccessorImpl.invoke(NativeMethodAccessorImpl.java:77)
	at java.base/jdk.internal.reflect.DelegatingMethodAccessorImpl.invoke(DelegatingMethodAccessorImpl.java:43)
	at java.base/java.lang.reflect.Method.invoke(Method.java:568)
	at org.openqa.selenium.support.pagefactory.internal.LocatingElementHandler.invoke(LocatingElementHandler.java:52)
	at jdk.proxy2/jdk.proxy2.$Proxy35.click(Unknown Source)
	at PAYTMPE_POR.DASHBOARDPAGE.User_SupportTicketsLink(DASHBOARDPAGE.java:158)
	at sample.DASHBOARD_01.SUPPORTTICKET(DASHBOARD_01.java:28)
	at java.base/jdk.internal.reflect.NativeMethodAccessorImpl.invoke0(Native Method)
	at java.base/jdk.internal.reflect.NativeMethodAccessorImpl.invoke(NativeMethodAccessorImpl.java:77)
	at java.base/jdk.internal.reflect.DelegatingMethodAccessorImpl.invoke(DelegatingMethodAccessorImpl.java:43)
	at java.base/java.lang.reflect.Method.invoke(Method.java:568)
	at org.testng.internal.MethodInvocationHelper.invokeMethod(MethodInvocationHelper.java:133)
	at org.testng.internal.TestInvoker.invokeMethod(TestInvoker.java:598)
	at org.testng.internal.TestInvoker.invokeTestMethod(TestInvoker.java:173)
	at org.testng.internal.MethodRunner.runInSequence(MethodRunner.java:46)
	at org.testng.internal.TestInvoker$MethodInvocationAgent.invoke(TestInvoker.java:824)
	at org.testng.internal.TestInvoker.invokeTestMethods(TestInvoker.java:146)
	at org.testng.internal.TestMethodWorker.invokeTestMethods(TestMethodWorker.java:146)
	at org.testng.internal.TestMethodWorker.run(TestMethodWorker.java:128)
	at java.base/java.util.ArrayList.forEach(ArrayList.java:1511)
	at org.testng.TestRunner.privateRun(TestRunner.java:794)
	at org.testng.TestRunner.run(TestRunner.java:596)
	at org.testng.SuiteRunner.runTest(SuiteRunner.java:377)
	at org.testng.SuiteRunner.runSequentially(SuiteRunner.java:371)
	at org.testng.SuiteRunner.privateRun(SuiteRunner.java:332)
	at org.testng.SuiteRunner.run(SuiteRunner.java:276)
	at org.testng.SuiteRunnerWorker.runSuite(SuiteRunnerWorker.java:53)
	at org.testng.SuiteRunnerWorker.run(SuiteRunnerWorker.java:96)
	at org.testng.TestNG.runSuitesSequentially(TestNG.java:1212)
	at org.testng.TestNG.runSuitesLocally(TestNG.java:1134)
	at org.testng.TestNG.runSuites(TestNG.java:1063)
	at org.testng.TestNG.run(TestNG.java:1031)
	at org.testng.remote.AbstractRemoteTestNG.run(AbstractRemoteTestNG.java:115)
	at org.testng.remote.RemoteTestNG.initAndRun(RemoteTestNG.java:251)
	at org.testng.remote.RemoteTestNG.main(RemoteTestNG.java:77)
</pre></div></td>
<td>3</td>
<td>sample.DASHBOARD_01@5e600dd5</td></tr>
<tr>
<td title='sample.DASHBOARD_01.SUPPORTTICKET()'><b>SUPPORTTICKET</b><br>Test class: sample.DASHBOARD_01<br>Parameters: SUNDAY, SUNDAY</td>
<td><div><pre>org.openqa.selenium.ElementClickInterceptedException: element click intercepted: Element &lt;a class=&quot;nav-link collapsed&quot; href=&quot;#&quot; data-toggle=&quot;collapse&quot; data-target=&quot;#tickets&quot; aria-expanded=&quot;false&quot; aria-controls=&quot;collapseLayouts&quot;&gt;...&lt;/a&gt; is not clickable at point (170, 590). Other element would receive the click: &lt;div id=&quot;preloader&quot; style=&quot;opacity: 0.983634;&quot;&gt;&lt;/div&gt;
  (Session info: chrome=108.0.5359.125)
Build info: version: &apos;4.6.0&apos;, revision: &apos;79f1c02ae20&apos;
System info: os.name: &apos;Windows 10&apos;, os.arch: &apos;amd64&apos;, os.version: &apos;10.0&apos;, java.version: &apos;17.0.4&apos;
Driver info: org.openqa.selenium.chrome.ChromeDriver
Command: [9f2bc079c333858dffc11ce86fd789f9, clickElement {id=2506b313-8423-4e9f-bfa1-47f9e34b5f60}]
Capabilities {acceptInsecureCerts: false, browserName: chrome, browserVersion: 108.0.5359.125, chrome: {chromedriverVersion: 108.0.5359.71 (1e0e3868ee06..., userDataDir: C:\Users\u\AppData\Local\Te...}, goog:chromeOptions: {debuggerAddress: localhost:55248}, networkConnectionEnabled: false, pageLoadStrategy: normal, platformName: WINDOWS, proxy: Proxy(), se:cdp: ws://localhost:55248/devtoo..., se:cdpVersion: 108.0.5359.125, setWindowRect: true, strictFileInteractability: false, timeouts: {implicit: 0, pageLoad: 300000, script: 30000}, unhandledPromptBehavior: dismiss and notify, webauthn:extension:credBlob: true, webauthn:extension:largeBlob: true, webauthn:virtualAuthenticators: true}
Element: [[ChromeDriver: chrome on WINDOWS (9f2bc079c333858dffc11ce86fd789f9)] -&gt; xpath: //a[text()[normalize-space()=&apos;Support Tickets&apos;]]]
Session ID: 9f2bc079c333858dffc11ce86fd789f9
	at org.openqa.selenium.remote.codec.w3c.W3CHttpResponseCodec.createException(W3CHttpResponseCodec.java:200)
	at org.openqa.selenium.remote.codec.w3c.W3CHttpResponseCodec.decode(W3CHttpResponseCodec.java:133)
	at org.openqa.selenium.remote.codec.w3c.W3CHttpResponseCodec.decode(W3CHttpResponseCodec.java:53)
	at org.openqa.selenium.remote.HttpCommandExecutor.execute(HttpCommandExecutor.java:184)
	at org.openqa.selenium.remote.service.DriverCommandExecutor.invokeExecute(DriverCommandExecutor.java:167)
	at org.openqa.selenium.remote.service.DriverCommandExecutor.execute(DriverCommandExecutor.java:142)
	at org.openqa.selenium.remote.RemoteWebDriver.execute(RemoteWebDriver.java:541)
	at org.openqa.selenium.remote.RemoteWebElement.execute(RemoteWebElement.java:257)
	at org.openqa.selenium.remote.RemoteWebElement.click(RemoteWebElement.java:78)
	at org.openqa.selenium.support.pagefactory.internal.LocatingElementHandler.invoke(LocatingElementHandler.java:52)
	at jdk.proxy2/jdk.proxy2.$Proxy35.click(Unknown Source)
	at PAYTMPE_POR.DASHBOARDPAGE.User_SupportTicketsLink(DASHBOARDPAGE.java:158)
	at sample.DASHBOARD_01.SUPPORTTICKET(DASHBOARD_01.java:28)
	at java.base/java.util.ArrayList.forEach(ArrayList.java:1511)
... Removed 35 stack frames</pre></div><a href='#' onClick='toggleBox("stack-trace657820185", this, "Click to show all stack frames", "Click to hide stack frames")'>Click to show all stack frames</a>
<div class='stack-trace' id='stack-trace657820185'><pre>org.openqa.selenium.ElementClickInterceptedException: element click intercepted: Element &lt;a class=&quot;nav-link collapsed&quot; href=&quot;#&quot; data-toggle=&quot;collapse&quot; data-target=&quot;#tickets&quot; aria-expanded=&quot;false&quot; aria-controls=&quot;collapseLayouts&quot;&gt;...&lt;/a&gt; is not clickable at point (170, 590). Other element would receive the click: &lt;div id=&quot;preloader&quot; style=&quot;opacity: 0.983634;&quot;&gt;&lt;/div&gt;
  (Session info: chrome=108.0.5359.125)
Build info: version: &apos;4.6.0&apos;, revision: &apos;79f1c02ae20&apos;
System info: os.name: &apos;Windows 10&apos;, os.arch: &apos;amd64&apos;, os.version: &apos;10.0&apos;, java.version: &apos;17.0.4&apos;
Driver info: org.openqa.selenium.chrome.ChromeDriver
Command: [9f2bc079c333858dffc11ce86fd789f9, clickElement {id=2506b313-8423-4e9f-bfa1-47f9e34b5f60}]
Capabilities {acceptInsecureCerts: false, browserName: chrome, browserVersion: 108.0.5359.125, chrome: {chromedriverVersion: 108.0.5359.71 (1e0e3868ee06..., userDataDir: C:\Users\u\AppData\Local\Te...}, goog:chromeOptions: {debuggerAddress: localhost:55248}, networkConnectionEnabled: false, pageLoadStrategy: normal, platformName: WINDOWS, proxy: Proxy(), se:cdp: ws://localhost:55248/devtoo..., se:cdpVersion: 108.0.5359.125, setWindowRect: true, strictFileInteractability: false, timeouts: {implicit: 0, pageLoad: 300000, script: 30000}, unhandledPromptBehavior: dismiss and notify, webauthn:extension:credBlob: true, webauthn:extension:largeBlob: true, webauthn:virtualAuthenticators: true}
Element: [[ChromeDriver: chrome on WINDOWS (9f2bc079c333858dffc11ce86fd789f9)] -&gt; xpath: //a[text()[normalize-space()=&apos;Support Tickets&apos;]]]
Session ID: 9f2bc079c333858dffc11ce86fd789f9
	at java.base/jdk.internal.reflect.NativeConstructorAccessorImpl.newInstance0(Native Method)
	at java.base/jdk.internal.reflect.NativeConstructorAccessorImpl.newInstance(NativeConstructorAccessorImpl.java:77)
	at java.base/jdk.internal.reflect.DelegatingConstructorAccessorImpl.newInstance(DelegatingConstructorAccessorImpl.java:45)
	at java.base/java.lang.reflect.Constructor.newInstanceWithCaller(Constructor.java:499)
	at java.base/java.lang.reflect.Constructor.newInstance(Constructor.java:480)
	at org.openqa.selenium.remote.codec.w3c.W3CHttpResponseCodec.createException(W3CHttpResponseCodec.java:200)
	at org.openqa.selenium.remote.codec.w3c.W3CHttpResponseCodec.decode(W3CHttpResponseCodec.java:133)
	at org.openqa.selenium.remote.codec.w3c.W3CHttpResponseCodec.decode(W3CHttpResponseCodec.java:53)
	at org.openqa.selenium.remote.HttpCommandExecutor.execute(HttpCommandExecutor.java:184)
	at org.openqa.selenium.remote.service.DriverCommandExecutor.invokeExecute(DriverCommandExecutor.java:167)
	at org.openqa.selenium.remote.service.DriverCommandExecutor.execute(DriverCommandExecutor.java:142)
	at org.openqa.selenium.remote.RemoteWebDriver.execute(RemoteWebDriver.java:541)
	at org.openqa.selenium.remote.RemoteWebElement.execute(RemoteWebElement.java:257)
	at org.openqa.selenium.remote.RemoteWebElement.click(RemoteWebElement.java:78)
	at jdk.internal.reflect.GeneratedMethodAccessor1.invoke(Unknown Source)
	at java.base/jdk.internal.reflect.DelegatingMethodAccessorImpl.invoke(DelegatingMethodAccessorImpl.java:43)
	at java.base/java.lang.reflect.Method.invoke(Method.java:568)
	at org.openqa.selenium.support.pagefactory.internal.LocatingElementHandler.invoke(LocatingElementHandler.java:52)
	at jdk.proxy2/jdk.proxy2.$Proxy35.click(Unknown Source)
	at PAYTMPE_POR.DASHBOARDPAGE.User_SupportTicketsLink(DASHBOARDPAGE.java:158)
	at sample.DASHBOARD_01.SUPPORTTICKET(DASHBOARD_01.java:28)
	at java.base/jdk.internal.reflect.NativeMethodAccessorImpl.invoke0(Native Method)
	at java.base/jdk.internal.reflect.NativeMethodAccessorImpl.invoke(NativeMethodAccessorImpl.java:77)
	at java.base/jdk.internal.reflect.DelegatingMethodAccessorImpl.invoke(DelegatingMethodAccessorImpl.java:43)
	at java.base/java.lang.reflect.Method.invoke(Method.java:568)
	at org.testng.internal.MethodInvocationHelper.invokeMethod(MethodInvocationHelper.java:133)
	at org.testng.internal.TestInvoker.invokeMethod(TestInvoker.java:598)
	at org.testng.internal.TestInvoker.invokeTestMethod(TestInvoker.java:173)
	at org.testng.internal.MethodRunner.runInSequence(MethodRunner.java:46)
	at org.testng.internal.TestInvoker$MethodInvocationAgent.invoke(TestInvoker.java:824)
	at org.testng.internal.TestInvoker.invokeTestMethods(TestInvoker.java:146)
	at org.testng.internal.TestMethodWorker.invokeTestMethods(TestMethodWorker.java:146)
	at org.testng.internal.TestMethodWorker.run(TestMethodWorker.java:128)
	at java.base/java.util.ArrayList.forEach(ArrayList.java:1511)
	at org.testng.TestRunner.privateRun(TestRunner.java:794)
	at org.testng.TestRunner.run(TestRunner.java:596)
	at org.testng.SuiteRunner.runTest(SuiteRunner.java:377)
	at org.testng.SuiteRunner.runSequentially(SuiteRunner.java:371)
	at org.testng.SuiteRunner.privateRun(SuiteRunner.java:332)
	at org.testng.SuiteRunner.run(SuiteRunner.java:276)
	at org.testng.SuiteRunnerWorker.runSuite(SuiteRunnerWorker.java:53)
	at org.testng.SuiteRunnerWorker.run(SuiteRunnerWorker.java:96)
	at org.testng.TestNG.runSuitesSequentially(TestNG.java:1212)
	at org.testng.TestNG.runSuitesLocally(TestNG.java:1134)
	at org.testng.TestNG.runSuites(TestNG.java:1063)
	at org.testng.TestNG.run(TestNG.java:1031)
	at org.testng.remote.AbstractRemoteTestNG.run(AbstractRemoteTestNG.java:115)
	at org.testng.remote.RemoteTestNG.initAndRun(RemoteTestNG.java:251)
	at org.testng.remote.RemoteTestNG.main(RemoteTestNG.java:77)
</pre></div></td>
<td>4</td>
<td>sample.DASHBOARD_01@5e600dd5</td></tr>
</table><p>
<table width='100%' border='1' class='invocation-passed'>
<tr><td colspan='4' align='center'><b>PASSED TESTS</b></td></tr>
<tr><td><b>Test method</b></td>
<td width="30%"><b>Exception</b></td>
<td width="10%"><b>Time (seconds)</b></td>
<td><b>Instance</b></td>
</tr>
<tr>
<td title='sample.EXCHANGE_MONEY.EXCHANGEMONEY()'><b>EXCHANGEMONEY</b><br>Test class: sample.EXCHANGE_MONEY<br>Parameters: 1, 2, 100, TOOD</td>
<td></td>
<td>2</td>
<td>sample.EXCHANGE_MONEY@6221a451</td></tr>
<tr>
<td title='sample.PAYMENT_REQUEST.MONEYREQ()'><b>MONEYREQ</b><br>Test class: sample.PAYMENT_REQUEST<br>Parameters: 1234554322, 1, 1500, fOOD DEPOSIT_7</td>
<td></td>
<td>3</td>
<td>sample.PAYMENT_REQUEST@3012646b</td></tr>
<tr>
<td title='sample.SEND_MONEY.SENDMONEY()'><b>SENDMONEY</b><br>Test class: sample.SEND_MONEY<br>Parameters: 1234554322, 1, 900, fOOD DEPOSIT_4</td>
<td></td>
<td>3</td>
<td>sample.SEND_MONEY@2e6a8155</td></tr>
<tr>
<td title='sample.PAYMENT_REQUEST.MONEYREQ()'><b>MONEYREQ</b><br>Test class: sample.PAYMENT_REQUEST<br>Parameters: 1234554322, 1, 500, fOOD DEPOSIT_2</td>
<td></td>
<td>2</td>
<td>sample.PAYMENT_REQUEST@3012646b</td></tr>
<tr>
<td title='sample.EXCHANGE_MONEY.EXCHANGEMONEY()'><b>EXCHANGEMONEY</b><br>Test class: sample.EXCHANGE_MONEY<br>Parameters: 1, 2, 75, IOOY</td>
<td></td>
<td>2</td>
<td>sample.EXCHANGE_MONEY@6221a451</td></tr>
<tr>
<td title='sample.SEND_MONEY.SENDMONEY()'><b>SENDMONEY</b><br>Test class: sample.SEND_MONEY<br>Parameters: 1234554322, 1, 500, fOOD DEPOSIT_2</td>
<td></td>
<td>5</td>
<td>sample.SEND_MONEY@2e6a8155</td></tr>
<tr>
<td title='sample.DASHBOARD_01.SUPPORTTICKET()'><b>SUPPORTTICKET</b><br>Test class: sample.DASHBOARD_01<br>Parameters: TUESDAY, TUESDAY</td>
<td></td>
<td>9</td>
<td>sample.DASHBOARD_01@5e600dd5</td></tr>
<tr>
<td title='sample.WIRE_TRANSFER.WIRETRANS()'><b>WIRETRANS</b><br>Test class: sample.WIRE_TRANSFER<br>Parameters: 1, 9010344093, IJJJHJHJH, 200, UY</td>
<td></td>
<td>2</td>
<td>sample.WIRE_TRANSFER@52719fb6</td></tr>
<tr>
<td title='sample.DASHBOARD_01.SUPPORTTICKET()'><b>SUPPORTTICKET</b><br>Test class: sample.DASHBOARD_01<br>Parameters: SATURDAY, SATURDAY</td>
<td></td>
<td>12</td>
<td>sample.DASHBOARD_01@5e600dd5</td></tr>
<tr>
<td title='sample.EXCHANGE_MONEY.EXCHANGEMONEY()'><b>EXCHANGEMONEY</b><br>Test class: sample.EXCHANGE_MONEY<br>Parameters: 2, 1, 100, VOOD</td>
<td></td>
<td>2</td>
<td>sample.EXCHANGE_MONEY@6221a451</td></tr>
<tr>
<td title='sample.EXCHANGE_MONEY.EXCHANGEMONEY()'><b>EXCHANGEMONEY</b><br>Test class: sample.EXCHANGE_MONEY<br>Parameters: 1, 2, 75, UIU</td>
<td></td>
<td>2</td>
<td>sample.EXCHANGE_MONEY@6221a451</td></tr>
<tr>
<td title='sample.PAYMENT_REQUEST.MONEYREQ()'><b>MONEYREQ</b><br>Test class: sample.PAYMENT_REQUEST<br>Parameters: 1234554322, 1, 900, fOOD DEPOSIT_4</td>
<td></td>
<td>2</td>
<td>sample.PAYMENT_REQUEST@3012646b</td></tr>
<tr>
<td title='sample.DASHBOARD_01.SUPPORTTICKET()'><b>SUPPORTTICKET</b><br>Test class: sample.DASHBOARD_01<br>Parameters: WEDNESDAY, WEDNESDAY</td>
<td></td>
<td>8</td>
<td>sample.DASHBOARD_01@5e600dd5</td></tr>
<tr>
<td title='sample.SEND_MONEY.SENDMONEY()'><b>SENDMONEY</b><br>Test class: sample.SEND_MONEY<br>Parameters: 1234554322, 1, 1300, fOOD DEPOSIT_6</td>
<td></td>
<td>2</td>
<td>sample.SEND_MONEY@2e6a8155</td></tr>
<tr>
<td title='sample.PAYMENT_REQUEST.MONEYREQ()'><b>MONEYREQ</b><br>Test class: sample.PAYMENT_REQUEST<br>Parameters: 1234554322, 1, 1100, fOOD DEPOSIT_5</td>
<td></td>
<td>2</td>
<td>sample.PAYMENT_REQUEST@3012646b</td></tr>
<tr>
<td title='sample.SEND_MONEY.SENDMONEY()'><b>SENDMONEY</b><br>Test class: sample.SEND_MONEY<br>Parameters: 1234554322, 1, 300, fOOD DEPOSIT_1</td>
<td></td>
<td>2</td>
<td>sample.SEND_MONEY@2e6a8155</td></tr>
<tr>
<td title='sample.WIRE_TRANSFER.WIRETRANS()'><b>WIRETRANS</b><br>Test class: sample.WIRE_TRANSFER<br>Parameters: 1, 9879809090, LLKLKIKJKJJJ, 300, WT</td>
<td></td>
<td>2</td>
<td>sample.WIRE_TRANSFER@52719fb6</td></tr>
<tr>
<td title='sample.SEND_MONEY.SENDMONEY()'><b>SENDMONEY</b><br>Test class: sample.SEND_MONEY<br>Parameters: 1234554322, 1, 1100, fOOD DEPOSIT_5</td>
<td></td>
<td>2</td>
<td>sample.SEND_MONEY@2e6a8155</td></tr>
<tr>
<td title='sample.WIRE_TRANSFER.WIRETRANS()'><b>WIRETRANS</b><br>Test class: sample.WIRE_TRANSFER<br>Parameters: 1, 8098909090, UUUUUU, 120, WT</td>
<td></td>
<td>2</td>
<td>sample.WIRE_TRANSFER@52719fb6</td></tr>
<tr>
<td title='sample.EXCHANGE_MONEY.EXCHANGEMONEY()'><b>EXCHANGEMONEY</b><br>Test class: sample.EXCHANGE_MONEY<br>Parameters: 2, 1, 50, LOOD</td>
<td></td>
<td>2</td>
<td>sample.EXCHANGE_MONEY@6221a451</td></tr>
<tr>
<td title='sample.SEND_MONEY.SENDMONEY()'><b>SENDMONEY</b><br>Test class: sample.SEND_MONEY<br>Parameters: 1234554322, 1, 1500, fOOD DEPOSIT_7</td>
<td></td>
<td>3</td>
<td>sample.SEND_MONEY@2e6a8155</td></tr>
<tr>
<td title='sample.PAYMENT_REQUEST.MONEYREQ()'><b>MONEYREQ</b><br>Test class: sample.PAYMENT_REQUEST<br>Parameters: 1234554322, 1, 300, fOOD DEPOSIT_1</td>
<td></td>
<td>2</td>
<td>sample.PAYMENT_REQUEST@3012646b</td></tr>
<tr>
<td title='sample.PAYMENT_REQUEST.MONEYREQ()'><b>MONEYREQ</b><br>Test class: sample.PAYMENT_REQUEST<br>Parameters: 1234554322, 1, 100, FOOD DEPOSIT</td>
<td></td>
<td>2</td>
<td>sample.PAYMENT_REQUEST@3012646b</td></tr>
<tr>
<td title='sample.WIRE_TRANSFER.WIRETRANS()'><b>WIRETRANS</b><br>Test class: sample.WIRE_TRANSFER<br>Parameters: 1, 9879809860, KIYUEGD, 400, UUU</td>
<td></td>
<td>3</td>
<td>sample.WIRE_TRANSFER@52719fb6</td></tr>
<tr>
<td title='sample.SEND_MONEY.SENDMONEY()'><b>SENDMONEY</b><br>Test class: sample.SEND_MONEY<br>Parameters: 1234554322, 1, 700, fOOD DEPOSIT_3</td>
<td></td>
<td>2</td>
<td>sample.SEND_MONEY@2e6a8155</td></tr>
<tr>
<td title='sample.WIRE_TRANSFER.WIRETRANS()'><b>WIRETRANS</b><br>Test class: sample.WIRE_TRANSFER<br>Parameters: 1, 9879809070, kkkRJTT, 350, PPP</td>
<td></td>
<td>3</td>
<td>sample.WIRE_TRANSFER@52719fb6</td></tr>
<tr>
<td title='sample.WIRE_TRANSFER.WIRETRANS()'><b>WIRETRANS</b><br>Test class: sample.WIRE_TRANSFER<br>Parameters: 1, 7036420206, saicharan, 160, wire transfer</td>
<td></td>
<td>3</td>
<td>sample.WIRE_TRANSFER@52719fb6</td></tr>
<tr>
<td title='sample.WIRE_TRANSFER.WIRETRANS()'><b>WIRETRANS</b><br>Test class: sample.WIRE_TRANSFER<br>Parameters: 1, 9849909090, KKKJKJKJKU, 250, EW</td>
<td></td>
<td>2</td>
<td>sample.WIRE_TRANSFER@52719fb6</td></tr>
<tr>
<td title='sample.PAYMENT_REQUEST.MONEYREQ()'><b>MONEYREQ</b><br>Test class: sample.PAYMENT_REQUEST<br>Parameters: 1234554322, 1, 1300, fOOD DEPOSIT_6</td>
<td></td>
<td>3</td>
<td>sample.PAYMENT_REQUEST@3012646b</td></tr>
<tr>
<td title='sample.EXCHANGE_MONEY.EXCHANGEMONEY()'><b>EXCHANGEMONEY</b><br>Test class: sample.EXCHANGE_MONEY<br>Parameters: 2, 1, 75, LOOI</td>
<td></td>
<td>2</td>
<td>sample.EXCHANGE_MONEY@6221a451</td></tr>
<tr>
<td title='sample.PAYMENT_REQUEST.MONEYREQ()'><b>MONEYREQ</b><br>Test class: sample.PAYMENT_REQUEST<br>Parameters: 1234554322, 1, 700, fOOD DEPOSIT_3</td>
<td></td>
<td>2</td>
<td>sample.PAYMENT_REQUEST@3012646b</td></tr>
<tr>
<td title='sample.EXCHANGE_MONEY.EXCHANGEMONEY()'><b>EXCHANGEMONEY</b><br>Test class: sample.EXCHANGE_MONEY<br>Parameters: 2, 1, 75, GTTTY</td>
<td></td>
<td>2</td>
<td>sample.EXCHANGE_MONEY@6221a451</td></tr>
<tr>
<td title='sample.WIRE_TRANSFER.WIRETRANS()'><b>WIRETRANS</b><br>Test class: sample.WIRE_TRANSFER<br>Parameters: 1, 6300231493, NNNBNN, 150, IU</td>
<td></td>
<td>2</td>
<td>sample.WIRE_TRANSFER@52719fb6</td></tr>
<tr>
<td title='sample.DASHBOARD_01.SUPPORTTICKET()'><b>SUPPORTTICKET</b><br>Test class: sample.DASHBOARD_01<br>Parameters: GOOD, RIGHT</td>
<td></td>
<td>9</td>
<td>sample.DASHBOARD_01@5e600dd5</td></tr>
<tr>
<td title='sample.SEND_MONEY.SENDMONEY()'><b>SENDMONEY</b><br>Test class: sample.SEND_MONEY<br>Parameters: 1234554322, 1, 100, FOOD DEPOSIT</td>
<td></td>
<td>3</td>
<td>sample.SEND_MONEY@2e6a8155</td></tr>
<tr>
<td title='sample.DASHBOARD_01.SUPPORTTICKET()'><b>SUPPORTTICKET</b><br>Test class: sample.DASHBOARD_01<br>Parameters: FRIDAY, FRIDAY</td>
<td></td>
<td>8</td>
<td>sample.DASHBOARD_01@5e600dd5</td></tr>
<tr>
<td title='sample.DASHBOARD_01.SUPPORTTICKET()'><b>SUPPORTTICKET</b><br>Test class: sample.DASHBOARD_01<br>Parameters: MONDAY, MONDAY</td>
<td></td>
<td>10</td>
<td>sample.DASHBOARD_01@5e600dd5</td></tr>
<tr>
<td title='sample.EXCHANGE_MONEY.EXCHANGEMONEY()'><b>EXCHANGEMONEY</b><br>Test class: sample.EXCHANGE_MONEY<br>Parameters: 1, 2, 50, GOOD</td>
<td></td>
<td>3</td>
<td>sample.EXCHANGE_MONEY@6221a451</td></tr>
</table><p>
</body>
</html>