<?xml version="1.0" encoding="UTF-8"?>
<!-- Generated by org.testng.reporters.JUnitXMLReporter -->
<testsuite ignored="0" hostname="DESKTOP-1D3CBA8" failures="0" tests="32" name="Test" time="281.657" errors="0" timestamp="2023-01-02T22:57:51 IST">
  <testcase classname="Sample_Util.BASECLASS_ATEST" name="@BeforeMethod login" time="26.328">
    <failure type="org.openqa.selenium.NoSuchElementException" message="no such element: Unable to locate element: {&amp;quot;method&amp;quot;:&amp;quot;xpath&amp;quot;,&amp;quot;selector&amp;quot;:&amp;quot;//input[@name=&amp;apos;email&amp;apos;]&amp;quot;}
  (Session info: MicrosoftEdge=108.0.1462.54)
For documentation on this error, please visit: https://selenium.dev/exceptions/#no_such_element
Build info: version: &amp;apos;4.6.0&amp;apos;, revision: &amp;apos;79f1c02ae20&amp;apos;
System info: os.name: &amp;apos;Windows 10&amp;apos;, os.arch: &amp;apos;amd64&amp;apos;, os.version: &amp;apos;10.0&amp;apos;, java.version: &amp;apos;17.0.5&amp;apos;
Driver info: org.openqa.selenium.edge.EdgeDriver
Command: [723ca7aa9fbdf699479d0b1a44cd6587, findElement {using=xpath, value=//input[@name=&amp;apos;email&amp;apos;]}]
Capabilities {acceptInsecureCerts: false, browserName: msedge, browserVersion: 108.0.1462.54, ms:edgeOptions: {debuggerAddress: localhost:59848}, msedge: {msedgedriverVersion: 108.0.1462.54 (c2998c8c6617..., userDataDir: C:\Users\u\AppData\Local\Te...}, networkConnectionEnabled: false, pageLoadStrategy: normal, platformName: WINDOWS, proxy: Proxy(), se:cdp: ws://localhost:59848/devtoo..., se:cdpVersion: 108.0.1462.54, setWindowRect: true, strictFileInteractability: false, timeouts: {implicit: 0, pageLoad: 300000, script: 30000}, unhandledPromptBehavior: dismiss and notify, webauthn:extension:credBlob: true, webauthn:extension:largeBlob: true, webauthn:virtualAuthenticators: true}
Session ID: 723ca7aa9fbdf699479d0b1a44cd6587">
      <![CDATA[org.openqa.selenium.NoSuchElementException: no such element: Unable to locate element: {"method":"xpath","selector":"//input[@name='email']"}
  (Session info: MicrosoftEdge=108.0.1462.54)
For documentation on this error, please visit: https://selenium.dev/exceptions/#no_such_element
Build info: version: '4.6.0', revision: '79f1c02ae20'
System info: os.name: 'Windows 10', os.arch: 'amd64', os.version: '10.0', java.version: '17.0.5'
Driver info: org.openqa.selenium.edge.EdgeDriver
Command: [723ca7aa9fbdf699479d0b1a44cd6587, findElement {using=xpath, value=//input[@name='email']}]
Capabilities {acceptInsecureCerts: false, browserName: msedge, browserVersion: 108.0.1462.54, ms:edgeOptions: {debuggerAddress: localhost:59848}, msedge: {msedgedriverVersion: 108.0.1462.54 (c2998c8c6617..., userDataDir: C:\Users\u\AppData\Local\Te...}, networkConnectionEnabled: false, pageLoadStrategy: normal, platformName: WINDOWS, proxy: Proxy(), se:cdp: ws://localhost:59848/devtoo..., se:cdpVersion: 108.0.1462.54, setWindowRect: true, strictFileInteractability: false, timeouts: {implicit: 0, pageLoad: 300000, script: 30000}, unhandledPromptBehavior: dismiss and notify, webauthn:extension:credBlob: true, webauthn:extension:largeBlob: true, webauthn:virtualAuthenticators: true}
Session ID: 723ca7aa9fbdf699479d0b1a44cd6587
at org.openqa.selenium.remote.codec.w3c.W3CHttpResponseCodec.createException(W3CHttpResponseCodec.java:200)
at org.openqa.selenium.remote.codec.w3c.W3CHttpResponseCodec.decode(W3CHttpResponseCodec.java:133)
at org.openqa.selenium.remote.codec.w3c.W3CHttpResponseCodec.decode(W3CHttpResponseCodec.java:53)
at org.openqa.selenium.remote.HttpCommandExecutor.execute(HttpCommandExecutor.java:184)
at org.openqa.selenium.remote.service.DriverCommandExecutor.invokeExecute(DriverCommandExecutor.java:167)
at org.openqa.selenium.remote.service.DriverCommandExecutor.execute(DriverCommandExecutor.java:142)
at org.openqa.selenium.remote.RemoteWebDriver.execute(RemoteWebDriver.java:541)
at org.openqa.selenium.remote.ElementLocation$ElementFinder$2.findElement(ElementLocation.java:162)
at org.openqa.selenium.remote.ElementLocation.findElement(ElementLocation.java:60)
at org.openqa.selenium.remote.RemoteWebDriver.findElement(RemoteWebDriver.java:365)
at org.openqa.selenium.remote.RemoteWebDriver.findElement(RemoteWebDriver.java:357)
at org.openqa.selenium.support.pagefactory.DefaultElementLocator.findElement(DefaultElementLocator.java:70)
at org.openqa.selenium.support.pagefactory.internal.LocatingElementHandler.invoke(LocatingElementHandler.java:39)
at jdk.proxy2/jdk.proxy2.$Proxy32.sendKeys(Unknown Source)
at PAYTMPE_POR.LOGINPAGE.User_EmailLink(LOGINPAGE.java:36)
at Sample_Util.BASECLASS_ATEST.login(BASECLASS_ATEST.java:66)
at java.base/java.util.ArrayList.forEach(ArrayList.java:1511)
... Removed 39 stack frames]]>
    </failure>
  </testcase> <!-- @BeforeMethod login -->
  <testcase classname="Sample_Util.BASECLASS_ATEST" name="@AfterMethod logout" time="0.0">
    <skipped/>
  </testcase> <!-- @AfterMethod logout -->
  <testcase classname="Sample_Util.BASECLASS_ATEST" name="@BeforeMethod login" time="0.0">
    <skipped/>
  </testcase> <!-- @BeforeMethod login -->
  <testcase classname="Sample_Util.BASECLASS_ATEST" name="@AfterMethod logout" time="0.0">
    <skipped/>
  </testcase> <!-- @AfterMethod logout -->
  <testcase classname="Sample_Util.BASECLASS_ATEST" name="@BeforeMethod login" time="0.0">
    <skipped/>
  </testcase> <!-- @BeforeMethod login -->
  <testcase classname="Sample_Util.BASECLASS_ATEST" name="@AfterMethod logout" time="0.0">
    <skipped/>
  </testcase> <!-- @AfterMethod logout -->
  <testcase classname="Sample_Util.BASECLASS_ATEST" name="@BeforeMethod login" time="0.0">
    <skipped/>
  </testcase> <!-- @BeforeMethod login -->
  <testcase classname="Sample_Util.BASECLASS_ATEST" name="@AfterMethod logout" time="0.0">
    <skipped/>
  </testcase> <!-- @AfterMethod logout -->
  <testcase classname="Sample_Util.BASECLASS_ATEST" name="@BeforeMethod login" time="0.0">
    <skipped/>
  </testcase> <!-- @BeforeMethod login -->
  <testcase classname="Sample_Util.BASECLASS_ATEST" name="@AfterMethod logout" time="0.0">
    <skipped/>
  </testcase> <!-- @AfterMethod logout -->
  <testcase classname="Sample_Util.BASECLASS_ATEST" name="@BeforeMethod login" time="0.0">
    <skipped/>
  </testcase> <!-- @BeforeMethod login -->
  <testcase classname="Sample_Util.BASECLASS_ATEST" name="@AfterMethod logout" time="0.0">
    <skipped/>
  </testcase> <!-- @AfterMethod logout -->
  <testcase classname="Sample_Util.BASECLASS_ATEST" name="@BeforeMethod login" time="0.0">
    <skipped/>
  </testcase> <!-- @BeforeMethod login -->
  <testcase classname="Sample_Util.BASECLASS_ATEST" name="@AfterMethod logout" time="0.0">
    <skipped/>
  </testcase> <!-- @AfterMethod logout -->
  <testcase classname="Sample_Util.BASECLASS_ATEST" name="@BeforeMethod login" time="0.0">
    <skipped/>
  </testcase> <!-- @BeforeMethod login -->
  <testcase classname="Sample_Util.BASECLASS_ATEST" name="@AfterMethod logout" time="0.0">
    <skipped/>
  </testcase> <!-- @AfterMethod logout -->
  <testcase classname="Sample_Util.BASECLASS_ATEST" name="@AfterClass Teardown" time="0.0">
    <skipped/>
  </testcase> <!-- @AfterClass Teardown -->
  <testcase classname="sample.DASHBOARD_01" name="SUPPORTTICKET" time="0.0">
    <skipped/>
  </testcase> <!-- SUPPORTTICKET -->
  <testcase classname="sample.DASHBOARD_01" name="SUPPORTTICKET" time="0.0">
    <skipped/>
  </testcase> <!-- SUPPORTTICKET -->
  <testcase classname="sample.DASHBOARD_01" name="SUPPORTTICKET" time="0.0">
    <skipped/>
  </testcase> <!-- SUPPORTTICKET -->
  <testcase classname="sample.DASHBOARD_01" name="SUPPORTTICKET" time="0.0">
    <skipped/>
  </testcase> <!-- SUPPORTTICKET -->
  <testcase classname="sample.DASHBOARD_01" name="SUPPORTTICKET" time="0.0">
    <skipped/>
  </testcase> <!-- SUPPORTTICKET -->
  <testcase classname="sample.DASHBOARD_01" name="SUPPORTTICKET" time="0.0">
    <skipped/>
  </testcase> <!-- SUPPORTTICKET -->
  <testcase classname="sample.DASHBOARD_01" name="SUPPORTTICKET" time="0.0">
    <skipped/>
  </testcase> <!-- SUPPORTTICKET -->
  <testcase classname="sample.DASHBOARD_01" name="SUPPORTTICKET" time="0.0">
    <skipped/>
  </testcase> <!-- SUPPORTTICKET -->
  <testcase classname="sample.SEND_MONEY" name="SENDMONEY" time="4.192"/>
  <testcase classname="sample.SEND_MONEY" name="SENDMONEY" time="3.587"/>
  <testcase classname="sample.SEND_MONEY" name="SENDMONEY" time="5.3"/>
  <testcase classname="sample.SEND_MONEY" name="SENDMONEY" time="4.263"/>
  <testcase classname="sample.SEND_MONEY" name="SENDMONEY" time="4.004"/>
  <testcase classname="sample.SEND_MONEY" name="SENDMONEY" time="3.602"/>
  <testcase classname="sample.SEND_MONEY" name="SENDMONEY" time="3.774"/>
  <testcase classname="sample.SEND_MONEY" name="SENDMONEY" time="3.625"/>
  <testcase classname="sample.EXCHANGE_MONEY" name="EXCHANGEMONEY" time="4.325"/>
  <testcase classname="sample.EXCHANGE_MONEY" name="EXCHANGEMONEY" time="3.888"/>
  <testcase classname="sample.EXCHANGE_MONEY" name="EXCHANGEMONEY" time="3.955"/>
  <testcase classname="sample.EXCHANGE_MONEY" name="EXCHANGEMONEY" time="4.016"/>
  <testcase classname="sample.EXCHANGE_MONEY" name="EXCHANGEMONEY" time="4.119"/>
  <testcase classname="sample.EXCHANGE_MONEY" name="EXCHANGEMONEY" time="3.901"/>
  <testcase classname="sample.EXCHANGE_MONEY" name="EXCHANGEMONEY" time="3.951"/>
  <testcase classname="sample.EXCHANGE_MONEY" name="EXCHANGEMONEY" time="4.039"/>
  <testcase classname="sample.WIRE_TRANSFER" name="WIRETRANS" time="3.768"/>
  <testcase classname="sample.WIRE_TRANSFER" name="WIRETRANS" time="3.2"/>
  <testcase classname="sample.WIRE_TRANSFER" name="WIRETRANS" time="4.328"/>
  <testcase classname="sample.WIRE_TRANSFER" name="WIRETRANS" time="3.437"/>
  <testcase classname="sample.WIRE_TRANSFER" name="WIRETRANS" time="3.122"/>
  <testcase classname="sample.WIRE_TRANSFER" name="WIRETRANS" time="3.825"/>
  <testcase classname="sample.WIRE_TRANSFER" name="WIRETRANS" time="3.507"/>
  <testcase classname="sample.WIRE_TRANSFER" name="WIRETRANS" time="3.237"/>
</testsuite> <!-- Test -->
